# JRE version: OpenJDK Runtime Environment (11.0.3+7) (build 11.0.3+7-Ubuntu-1ubuntu218.04.1)
# Java VM: OpenJDK 64-Bit Server VM (11.0.3+7-Ubuntu-1ubuntu218.04.1, mixed mode, sharing, tiered, compressed oops, g1 gc, linux-amd64)
Heap:
 garbage-first heap   total 373760K, used 21139K [0x0000000085200000, 0x0000000100000000)
  region size 1024K, 1 young (1024K), 1 survivors (1024K)
 Metaspace       used 25226K, capacity 26078K, committed 26240K, reserved 1073152K
  class space    used 3008K, capacity 3420K, committed 3456K, reserved 1048576K
GC Heap History (10 events):
Event: 62.057 GC heap after
{Heap after GC invocations=34 (full 0):
 garbage-first heap   total 155648K, used 21136K [0x0000000085200000, 0x0000000100000000)
  region size 1024K, 1 young (1024K), 1 survivors (1024K)
 Metaspace       used 25223K, capacity 26078K, committed 26240K, reserved 1073152K
  class space    used 3008K, capacity 3420K, committed 3456K, reserved 1048576K
}
Event: 65.554 GC heap before
{Heap before GC invocations=34 (full 0):
 garbage-first heap   total 155648K, used 113296K [0x0000000085200000, 0x0000000100000000)
  region size 1024K, 91 young (93184K), 1 survivors (1024K)
 Metaspace       used 25223K, capacity 26078K, committed 26240K, reserved 1073152K
  class space    used 3008K, capacity 3420K, committed 3456K, reserved 1048576K
}
Event: 65.589 GC heap after
{Heap after GC invocations=35 (full 0):
 garbage-first heap   total 155648K, used 21134K [0x0000000085200000, 0x0000000100000000)
  region size 1024K, 1 young (1024K), 1 survivors (1024K)
 Metaspace       used 25223K, capacity 26078K, committed 26240K, reserved 1073152K
  class space    used 3008K, capacity 3420K, committed 3456K, reserved 1048576K
}
Event: 72.983 GC heap before
{Heap before GC invocations=35 (full 0):
 garbage-first heap   total 155648K, used 113294K [0x0000000085200000, 0x0000000100000000)
  region size 1024K, 91 young (93184K), 1 survivors (1024K)
 Metaspace       used 25224K, capacity 26078K, committed 26240K, reserved 1073152K
  class space    used 3008K, capacity 3420K, committed 3456K, reserved 1048576K
}
Event: 74.140 GC heap after
{Heap after GC invocations=36 (full 0):
 garbage-first heap   total 155648K, used 21145K [0x0000000085200000, 0x0000000100000000)
  region size 1024K, 1 young (1024K), 1 survivors (1024K)
 Metaspace       used 25224K, capacity 26078K, committed 26240K, reserved 1073152K
  class space    used 3008K, capacity 3420K, committed 3456K, reserved 1048576K
}
Event: 75.873 GC heap before
{Heap before GC invocations=36 (full 0):
 garbage-first heap   total 155648K, used 27289K [0x0000000085200000, 0x0000000100000000)
  region size 1024K, 7 young (7168K), 1 survivors (1024K)
 Metaspace       used 25224K, capacity 26078K, committed 26240K, reserved 1073152K
  class space    used 3008K, capacity 3420K, committed 3456K, reserved 1048576K
}
Event: 76.806 GC heap after
{Heap after GC invocations=37 (full 0):
 garbage-first heap   total 155648K, used 21149K [0x0000000085200000, 0x0000000100000000)
  region size 1024K, 1 young (1024K), 1 survivors (1024K)
 Metaspace       used 25224K, capacity 26078K, committed 26240K, reserved 1073152K
  class space    used 3008K, capacity 3420K, committed 3456K, reserved 1048576K
}
Event: 77.424 GC heap before
{Heap before GC invocations=37 (full 0):
 garbage-first heap   total 155648K, used 27293K [0x0000000085200000, 0x0000000100000000)
  region size 1024K, 7 young (7168K), 1 survivors (1024K)
 Metaspace       used 25224K, capacity 26078K, committed 26240K, reserved 1073152K
  class space    used 3008K, capacity 3420K, committed 3456K, reserved 1048576K
}
Event: 77.580 GC heap after
{Heap after GC invocations=38 (full 0):
 garbage-first heap   total 155648K, used 21141K [0x0000000085200000, 0x0000000100000000)
  region size 1024K, 1 young (1024K), 1 survivors (1024K)
 Metaspace       used 25224K, capacity 26078K, committed 26240K, reserved 1073152K
  class space    used 3008K, capacity 3420K, committed 3456K, reserved 1048576K
}
Event: 78.828 GC heap before
{Heap before GC invocations=38 (full 0):
 garbage-first heap   total 155648K, used 44693K [0x0000000085200000, 0x0000000100000000)
  region size 1024K, 24 young (24576K), 1 survivors (1024K)
 Metaspace       used 25226K, capacity 26078K, committed 26240K, reserved 1073152K
  class space    used 3008K, capacity 3420K, committed 3456K, reserved 1048576K
}

